<?xml version="1.0" encoding="UTF-8" standalone="no"?><testsuite errors="1" failures="0" name="Realizar compra en Amazon" skipped="0" tests="1" time="76.03" timestamp="2024-09-04 10:55:51"><testcase name="Compra Exitosa"><error message="An element could not be located on the page using the given search parameters.&#10;For documentation on this error, please visit: https://selenium.dev/exceptions/#no_such_element&#10;Build info: version: '4.9.1', revision: 'eb2032df7f'&#10;System info: os.name: 'Windows 11', os.arch: 'amd64', os.version: '10.0', java.version: '17.0.11'&#10;Driver info: io.appium.java_client.android.AndroidDriver&#10;Command: [9bd026af-3166-48ca-9144-a9876128bde3, findElement {using=xpath, value=//android.widget.TextView[contains(@text, 'Refrigerator')]}]&#10;Capabilities {appium:appActivity: com.amazon.mShop.home.HomeA..., appium:appPackage: com.amazon.mShop.android.sh..., appium:automationName: UiAutomator2, appium:databaseEnabled: false, appium:desired: {appActivity: com.amazon.mShop.home.HomeA..., appPackage: com.amazon.mShop.android.sh..., automationName: UiAutomator2, deviceName: generic_x86_arm, noReset: true, platformName: ANDROID, platformVersion: 11, udid: emulator-5554}, appium:deviceApiLevel: 30, appium:deviceManufacturer: Google, appium:deviceModel: sdk_gphone_x86, appium:deviceName: emulator-5554, appium:deviceScreenDensity: 420, appium:deviceScreenSize: 1080x2400, appium:deviceUDID: emulator-5554, appium:javascriptEnabled: true, appium:locationContextEnabled: false, appium:networkConnectionEnabled: true, appium:noReset: true, appium:pixelRatio: 2.625, appium:platformVersion: 11, appium:statBarHeight: 136, appium:takesScreenshot: true, appium:udid: emulator-5554, appium:viewportRect: {height: 2002, left: 0, top: 136, width: 1080}, appium:warnings: {}, appium:webStorageEnabled: false, platformName: ANDROID}&#10;Session ID: 9bd026af-3166-48ca-9144-a9876128bde3" type="java.lang.AssertionError">An element could not be located on the page using the given search parameters.
For documentation on this error, please visit: https://selenium.dev/exceptions/#no_such_element
Build info: version: '4.9.1', revision: 'eb2032df7f'
System info: os.name: 'Windows 11', os.arch: 'amd64', os.version: '10.0', java.version: '17.0.11'
Driver info: io.appium.java_client.android.AndroidDriver
Command: [9bd026af-3166-48ca-9144-a9876128bde3, findElement {using=xpath, value=//android.widget.TextView[contains(@text, 'Refrigerator')]}]
Capabilities {appium:appActivity: com.amazon.mShop.home.HomeA..., appium:appPackage: com.amazon.mShop.android.sh..., appium:automationName: UiAutomator2, appium:databaseEnabled: false, appium:desired: {appActivity: com.amazon.mShop.home.HomeA..., appPackage: com.amazon.mShop.android.sh..., automationName: UiAutomator2, deviceName: generic_x86_arm, noReset: true, platformName: ANDROID, platformVersion: 11, udid: emulator-5554}, appium:deviceApiLevel: 30, appium:deviceManufacturer: Google, appium:deviceModel: sdk_gphone_x86, appium:deviceName: emulator-5554, appium:deviceScreenDensity: 420, appium:deviceScreenSize: 1080x2400, appium:deviceUDID: emulator-5554, appium:javascriptEnabled: true, appium:locationContextEnabled: false, appium:networkConnectionEnabled: true, appium:noReset: true, appium:pixelRatio: 2.625, appium:platformVersion: 11, appium:statBarHeight: 136, appium:takesScreenshot: true, appium:udid: emulator-5554, appium:viewportRect: {height: 2002, left: 0, top: 136, width: 1080}, appium:warnings: {}, appium:webStorageEnabled: false, platformName: ANDROID}
Session ID: 9bd026af-3166-48ca-9144-a9876128bde3</error><system-err>An element could not be located on the page using the given search parameters.
For documentation on this error, please visit: https://selenium.dev/exceptions/#no_such_element
Build info: version: '4.9.1', revision: 'eb2032df7f'
System info: os.name: 'Windows 11', os.arch: 'amd64', os.version: '10.0', java.version: '17.0.11'
Driver info: io.appium.java_client.android.AndroidDriver
Command: [9bd026af-3166-48ca-9144-a9876128bde3, findElement {using=xpath, value=//android.widget.TextView[contains(@text, 'Refrigerator')]}]
Capabilities {appium:appActivity: com.amazon.mShop.home.HomeA..., appium:appPackage: com.amazon.mShop.android.sh..., appium:automationName: UiAutomator2, appium:databaseEnabled: false, appium:desired: {appActivity: com.amazon.mShop.home.HomeA..., appPackage: com.amazon.mShop.android.sh..., automationName: UiAutomator2, deviceName: generic_x86_arm, noReset: true, platformName: ANDROID, platformVersion: 11, udid: emulator-5554}, appium:deviceApiLevel: 30, appium:deviceManufacturer: Google, appium:deviceModel: sdk_gphone_x86, appium:deviceName: emulator-5554, appium:deviceScreenDensity: 420, appium:deviceScreenSize: 1080x2400, appium:deviceUDID: emulator-5554, appium:javascriptEnabled: true, appium:locationContextEnabled: false, appium:networkConnectionEnabled: true, appium:noReset: true, appium:pixelRatio: 2.625, appium:platformVersion: 11, appium:statBarHeight: 136, appium:takesScreenshot: true, appium:udid: emulator-5554, appium:viewportRect: {height: 2002, left: 0, top: 136, width: 1080}, appium:warnings: {}, appium:webStorageEnabled: false, platformName: ANDROID}
Session ID: 9bd026af-3166-48ca-9144-a9876128bde3&#13;
com.amazon.stepdefinitions.CompraAmazonStepDef.verificaraLosProductosAgregados(CompraAmazonStepDef.java:24)&#13;
✽.verificara los productos agregados(file:///C:/Users/USUARIO/Desktop/PruebasAppium/AppAmazon/src/test/resources/features/compraAmazon.feature:7)&#13;
</system-err></testcase></testsuite>